#
# A fatal error has been detected by the Java Runtime Environment:
#
#  SIGSEGV (0xb) at pc=0x000000011e86bb35, pid=35058, tid=0x000000000000e00f
#
# JRE version: Java(TM) SE Runtime Environment (8.0_192-b12) (build 1.8.0_192-b12)
# Java VM: Java HotSpot(TM) 64-Bit Server VM (25.192-b12 mixed mode bsd-amd64 compressed oops)
# Problematic frame:
# C  [libgdx-box2d64.dylib+0xab35]  b2BlockAllocator::Allocate(int)+0x65
#
# Failed to write core dump. Core dumps have been disabled. To enable core dumping, try "ulimit -c unlimited" before starting Java again
#
# If you would like to submit a bug report, please visit:
#   http://bugreport.java.com/bugreport/crash.jsp
# The crash happened outside the Java Virtual Machine in native code.
# See problematic frame for where to report the bug.
#

---------------  T H R E A D  ---------------

Current thread (0x00007f8508172000):  JavaThread "LWJGL Application" [_thread_in_native, id=57359, stack(0x000070000447e000,0x000070000457e000)]

siginfo: si_signo: 11 (SIGSEGV), si_code: 1 (SEGV_MAPERR), si_addr: 0x0000002600000001

Registers:
RAX=0x0000002600000001, RBX=0x0000000797b545a8, RCX=0x000000011e894f20, RDX=0x00007f8508a60000
RSP=0x000070000457d380, RBP=0x000070000457d3c0, RSI=0x00000000000000b8, RDI=0x00007f8508a60000
R8 =0x0000000000000001, R9 =0x0000000000000001, R10=0x0000000103484f99, R11=0x0000000000000001
R12=0x00007f8508a60000, R13=0x000000011e901e80, R14=0x00007f8508a60000, R15=0x0000000000000006
RIP=0x000000011e86bb35, EFLAGS=0x0000000000010202, ERR=0x0000000000000004
  TRAPNO=0x000000000000000e

Top of Stack: (sp=0x000070000457d380)
0x000070000457d380:   00000000bf8147ae 0000000000000000
0x000070000457d390:   0000000000000000 0000000797b545a8
0x000070000457d3a0:   0000000000000000 000000011e901e80
0x000070000457d3b0:   00007f8508a60000 000070000457d400
0x000070000457d3c0:   000070000457d3f0 000000011e87feb7
0x000070000457d3d0:   0000000000000001 0000000797b545a8
0x000070000457d3e0:   000070000457d710 00007f8508172000
0x000070000457d3f0:   000070000457d440 000000011e88590f
0x000070000457d400:   0000000000000001 0000000000000000
0x000070000457d410:   0000000000000000 0000000000000000
0x000070000457d420:   0000010100000000 0000000000000001
0x000070000457d430:   0000000000000000 000000003f800000
0x000070000457d440:   000070000457d4b0 00000001034850a3
0x000070000457d450:   0000000000000000 0000000000000000
0x000070000457d460:   0000000000000001 000000003f800000
0x000070000457d470:   0000000797b545a8 00007f850820b040
0x000070000457d480:   00007f8508a792a0 0000000000000393
0x000070000457d490:   00000000000000b7 000070000457d520
0x000070000457d4a0:   000070000457d4e0 000000011e868ce0
0x000070000457d4b0:   000070000457d6e8 0000000103485d0c
0x000070000457d4c0:   00007f8500000000 00007f8500000001
0x000070000457d4d0:   000000003f800000 0000000000000000
0x000070000457d4e0:   000070000457d510 000000011e864335
0x000070000457d4f0:   0000000000000004 00007f8508a792a0
0x000070000457d500:   0000000000000000 0000000000000000
0x000070000457d510:   000070000457d590 000000011e87e65f
0x000070000457d520:   0000000000000000 00007f850820b040
0x000070000457d530:   00007f85073a8ccc 00007f8508a792a0
0x000070000457d540:   42c32e14410fd70a 42c6d1ec412cf5c2
0x000070000457d550:   42c32e14410fd70a 42c6d1ec412cf5c2
0x000070000457d560:   00007f8508201680 0000000797b545a8
0x000070000457d570:   0000000796af7720 000000010e65b000 

Instructions: (pc=0x000000011e86bb35)
0x000000011e86bb15:   48 8d 0d 04 94 02 00 44 0f b6 3c 08 49 83 ff 0e
0x000000011e86bb25:   0f 83 c3 01 00 00 4b 8b 44 fc 10 48 85 c0 74 0d
0x000000011e86bb35:   48 8b 08 4b 89 4c fc 10 e9 7e 01 00 00 41 8b 7c
0x000000011e86bb45:   24 08 41 3b 7c 24 0c 75 52 4d 8b 34 24 83 ef 80 

Register to memory mapping:

RAX=0x0000002600000001 is an unknown value
RBX=0x0000000797b545a8 is an oop
com.badlogic.gdx.physics.box2d.World 
 - klass: 'com/badlogic/gdx/physics/box2d/World'
RCX=0x000000011e894f20: _ZN16b2BlockAllocator17s_blockSizeLookupE+0 in /private/var/folders/6s/z_p8j_ss7z15x2xvyml6h1_h0000gn/T/libgdxgiancola/816b5a05/libgdx-box2d64.dylib at 0x000000011e861000
RDX=0x00007f8508a60000 is an unknown value
RSP=0x000070000457d380 is pointing into the stack for thread: 0x00007f8508172000
RBP=0x000070000457d3c0 is pointing into the stack for thread: 0x00007f8508172000
RSI=0x00000000000000b8 is an unknown value
RDI=0x00007f8508a60000 is an unknown value
R8 =0x0000000000000001 is an unknown value
R9 =0x0000000000000001 is an unknown value
R10=0x0000000103484f99 is at entry_point+89 in (nmethod*)0x0000000103484dd0
R11=0x0000000000000001 is an unknown value
R12=0x00007f8508a60000 is an unknown value
R13=0x000000011e901e80 is pointing into metadata
R14=0x00007f8508a60000 is an unknown value
R15=0x0000000000000006 is an unknown value


Stack: [0x000070000447e000,0x000070000457e000],  sp=0x000070000457d380,  free space=1020k
Native frames: (J=compiled Java code, j=interpreted, Vv=VM code, C=native code)
C  [libgdx-box2d64.dylib+0xab35]  b2BlockAllocator::Allocate(int)+0x65
C  [libgdx-box2d64.dylib+0x1eeb7]  b2World::CreateBody(b2BodyDef const*)+0x27
C  [libgdx-box2d64.dylib+0x2490f]  Java_com_badlogic_gdx_physics_box2d_World_jniCreateBody+0x7f
J 1179  com.badlogic.gdx.physics.box2d.World.jniCreateBody(JIFFFFFFFFZZZZZF)J (0 bytes) @ 0x00000001034850a3 [0x0000000103484f40+0x163]
J 1178 C1 com.badlogic.gdx.physics.box2d.World.createBody(Lcom/badlogic/gdx/physics/box2d/BodyDef;)Lcom/badlogic/gdx/physics/box2d/Body; (120 bytes) @ 0x0000000103485d0c [0x0000000103485b60+0x1ac]
J 1210 C1 com.lucasgiancola.Objects.Block.<init>(Lcom/badlogic/gdx/physics/box2d/World;F)V (239 bytes) @ 0x000000010349b0a4 [0x000000010349a7a0+0x904]
j  com.lucasgiancola.Screens.GameScreen.insertNewRow(I)V+21
J 908 C1 com.lucasgiancola.Screens.GameScreen.updateGame(F)V (73 bytes) @ 0x00000001033b910c [0x00000001033b8ce0+0x42c]
J 1054 C1 com.lucasgiancola.Screens.GameScreen.render(F)V (77 bytes) @ 0x0000000103423fdc [0x0000000103423d80+0x25c]
J 1051 C1 com.lucasgiancola.BallShooter.render()V (5 bytes) @ 0x00000001034253fc [0x00000001034251e0+0x21c]
j  com.badlogic.gdx.backends.lwjgl.LwjglApplication.mainLoop()V+698
j  com.badlogic.gdx.backends.lwjgl.LwjglApplication$1.run()V+27
v  ~StubRoutines::call_stub
V  [libjvm.dylib+0x2f020a]  JavaCalls::call_helper(JavaValue*, methodHandle*, JavaCallArguments*, Thread*)+0x6ae
V  [libjvm.dylib+0x2f09ae]  JavaCalls::call_virtual(JavaValue*, KlassHandle, Symbol*, Symbol*, JavaCallArguments*, Thread*)+0x164
V  [libjvm.dylib+0x2f0b5a]  JavaCalls::call_virtual(JavaValue*, Handle, KlassHandle, Symbol*, Symbol*, Thread*)+0x4a
V  [libjvm.dylib+0x34b449]  thread_entry(JavaThread*, Thread*)+0x7c
V  [libjvm.dylib+0x570127]  JavaThread::thread_main_inner()+0x9b
V  [libjvm.dylib+0x571822]  JavaThread::run()+0x1c2
V  [libjvm.dylib+0x48e96a]  java_start(Thread*)+0xf6
C  [libsystem_pthread.dylib+0x3305]  _pthread_body+0x7e
C  [libsystem_pthread.dylib+0x626f]  _pthread_start+0x46
C  [libsystem_pthread.dylib+0x2415]  thread_start+0xd
C  0x0000000000000000

Java frames: (J=compiled Java code, j=interpreted, Vv=VM code)
J 1179  com.badlogic.gdx.physics.box2d.World.jniCreateBody(JIFFFFFFFFZZZZZF)J (0 bytes) @ 0x0000000103484f99 [0x0000000103484f40+0x59]
J 1178 C1 com.badlogic.gdx.physics.box2d.World.createBody(Lcom/badlogic/gdx/physics/box2d/BodyDef;)Lcom/badlogic/gdx/physics/box2d/Body; (120 bytes) @ 0x0000000103485d0c [0x0000000103485b60+0x1ac]
J 1210 C1 com.lucasgiancola.Objects.Block.<init>(Lcom/badlogic/gdx/physics/box2d/World;F)V (239 bytes) @ 0x000000010349b0a4 [0x000000010349a7a0+0x904]
j  com.lucasgiancola.Screens.GameScreen.insertNewRow(I)V+21
J 908 C1 com.lucasgiancola.Screens.GameScreen.updateGame(F)V (73 bytes) @ 0x00000001033b910c [0x00000001033b8ce0+0x42c]
J 1054 C1 com.lucasgiancola.Screens.GameScreen.render(F)V (77 bytes) @ 0x0000000103423fdc [0x0000000103423d80+0x25c]
J 1051 C1 com.lucasgiancola.BallShooter.render()V (5 bytes) @ 0x00000001034253fc [0x00000001034251e0+0x21c]
j  com.badlogic.gdx.backends.lwjgl.LwjglApplication.mainLoop()V+698
j  com.badlogic.gdx.backends.lwjgl.LwjglApplication$1.run()V+27
v  ~StubRoutines::call_stub

---------------  P R O C E S S  ---------------

Java Threads: ( => current thread )
  0x00007f8508a44000 JavaThread "DestroyJavaVM" [_thread_blocked, id=9475, stack(0x00007000030bc000,0x00007000031bc000)]
=>0x00007f8508172000 JavaThread "LWJGL Application" [_thread_in_native, id=57359, stack(0x000070000447e000,0x000070000457e000)]
  0x00007f8508a11800 JavaThread "Attach Listener" daemon [_thread_blocked, id=35875, stack(0x00007000041f2000,0x00007000042f2000)]
  0x00007f85080f8800 JavaThread "AppKit Thread" daemon [_thread_in_native, id=775, stack(0x00007ffeee362000,0x00007ffeeeb62000)]
  0x00007f8508846800 JavaThread "Service Thread" daemon [_thread_blocked, id=17667, stack(0x0000700003de3000,0x0000700003ee3000)]
  0x00007f8508046800 JavaThread "C1 CompilerThread2" daemon [_thread_blocked, id=18179, stack(0x0000700003ce0000,0x0000700003de0000)]
  0x00007f8508045800 JavaThread "C2 CompilerThread1" daemon [_thread_blocked, id=18691, stack(0x0000700003bdd000,0x0000700003cdd000)]
  0x00007f8507906800 JavaThread "C2 CompilerThread0" daemon [_thread_blocked, id=14339, stack(0x0000700003ada000,0x0000700003bda000)]
  0x00007f8508882800 JavaThread "Monitor Ctrl-Break" daemon [_thread_in_native, id=14083, stack(0x00007000039d7000,0x0000700003ad7000)]
  0x00007f8508036000 JavaThread "Signal Dispatcher" daemon [_thread_blocked, id=13827, stack(0x00007000038d4000,0x00007000039d4000)]
  0x00007f8508834000 JavaThread "Finalizer" daemon [_thread_blocked, id=20995, stack(0x00007000037d1000,0x00007000038d1000)]
  0x00007f8508833800 JavaThread "Reference Handler" daemon [_thread_blocked, id=12291, stack(0x00007000036ce000,0x00007000037ce000)]

Other Threads:
  0x00007f8508802000 VMThread [stack: 0x00007000035cb000,0x00007000036cb000] [id=21507]
  0x00007f850796c000 WatcherThread [stack: 0x0000700003ee6000,0x0000700003fe6000] [id=17155]

VM state:not at safepoint (normal execution)

VM Mutex/Monitor currently owned by a thread: None

heap address: 0x0000000740000000, size: 2048 MB, Compressed Oops mode: Zero based, Oop shift amount: 3
Narrow klass base: 0x0000000000000000, Narrow klass shift: 3
Compressed class space size: 1073741824 Address: 0x00000007c0000000

Heap:
 PSYoungGen      total 38400K, used 27105K [0x0000000795580000, 0x0000000798000000, 0x00000007c0000000)
  eden space 33280K, 66% used [0x0000000795580000,0x0000000796afac60,0x0000000797600000)
  from space 5120K, 99% used [0x0000000797b00000,0x0000000797ffd990,0x0000000798000000)
  to   space 5120K, 0% used [0x0000000797600000,0x0000000797600000,0x0000000797b00000)
 ParOldGen       total 87552K, used 15682K [0x0000000740000000, 0x0000000745580000, 0x0000000795580000)
  object space 87552K, 17% used [0x0000000740000000,0x0000000740f509d0,0x0000000745580000)
 Metaspace       used 9401K, capacity 9573K, committed 9728K, reserved 1058816K
  class space    used 916K, capacity 985K, committed 1024K, reserved 1048576K

Card table byte_map: [0x000000011205b000,0x000000011245c000] byte_map_base: 0x000000010e65b000

Marking Bits: (ParMarkBitMap*) 0x00000001019c3e40
 Begin Bits: [0x0000000112707000, 0x0000000114707000)
 End Bits:   [0x0000000114707000, 0x0000000116707000)

Polling page: 0x00000001020c3000

CodeCache: size=245760Kb used=4458Kb max_used=4471Kb free=241301Kb
 bounds [0x000000010305b000, 0x00000001034cb000, 0x000000011205b000]
 total_blobs=1727 nmethods=1244 adapters=397
 compilation: enabled

Compilation events (10 events):
Event: 59.664 Thread 0x00007f8507906800 1240       4       com.badlogic.gdx.utils.ObjectIntMap::put (330 bytes)
Event: 59.680 Thread 0x00007f8507906800 nmethod 1240 0x00000001034b9110 code [0x00000001034b92c0, 0x00000001034b9c58]
Event: 59.945 Thread 0x00007f8508046800 1241       3       com.badlogic.gdx.utils.Pools::get (37 bytes)
Event: 59.946 Thread 0x00007f8508046800 nmethod 1241 0x00000001034b2c10 code [0x00000001034b2de0, 0x00000001034b32d8]
Event: 59.946 Thread 0x00007f8508046800 1242       3       com.badlogic.gdx.utils.Pools::free (39 bytes)
Event: 59.946 Thread 0x00007f8508046800 nmethod 1242 0x00000001034b23d0 code [0x00000001034b2580, 0x00000001034b2a68]
Event: 60.864 Thread 0x00007f8507906800 1243       4       com.badlogic.gdx.utils.ObjectIntMap::put (330 bytes)
Event: 60.880 Thread 0x00007f8507906800 nmethod 1243 0x00000001034bc210 code [0x00000001034bc3a0, 0x00000001034bcd18]
Event: 62.064 Thread 0x00007f8508045800 1244       4       com.badlogic.gdx.utils.ObjectIntMap::put (330 bytes)
Event: 62.078 Thread 0x00007f8508045800 nmethod 1244 0x00000001034bd210 code [0x00000001034bd3a0, 0x00000001034bdcf8]

GC Heap History (4 events):
Event: 8.151 GC heap before
{Heap before GC invocations=1 (full 0):
 PSYoungGen      total 38400K, used 33280K [0x0000000795580000, 0x0000000798000000, 0x00000007c0000000)
  eden space 33280K, 100% used [0x0000000795580000,0x0000000797600000,0x0000000797600000)
  from space 5120K, 0% used [0x0000000797b00000,0x0000000797b00000,0x0000000798000000)
  to   space 5120K, 0% used [0x0000000797600000,0x0000000797600000,0x0000000797b00000)
 ParOldGen       total 87552K, used 0K [0x0000000740000000, 0x0000000745580000, 0x0000000795580000)
  object space 87552K, 0% used [0x0000000740000000,0x0000000740000000,0x0000000745580000)
 Metaspace       used 9256K, capacity 9445K, committed 9728K, reserved 1058816K
  class space    used 915K, capacity 985K, committed 1024K, reserved 1048576K
Event: 8.161 GC heap after
Heap after GC invocations=1 (full 0):
 PSYoungGen      total 38400K, used 5095K [0x0000000795580000, 0x0000000798000000, 0x00000007c0000000)
  eden space 33280K, 0% used [0x0000000795580000,0x0000000795580000,0x0000000797600000)
  from space 5120K, 99% used [0x0000000797600000,0x0000000797af9e90,0x0000000797b00000)
  to   space 5120K, 0% used [0x0000000797b00000,0x0000000797b00000,0x0000000798000000)
 ParOldGen       total 87552K, used 3365K [0x0000000740000000, 0x0000000745580000, 0x0000000795580000)
  object space 87552K, 3% used [0x0000000740000000,0x0000000740349500,0x0000000745580000)
 Metaspace       used 9256K, capacity 9445K, committed 9728K, reserved 1058816K
  class space    used 915K, capacity 985K, committed 1024K, reserved 1048576K
}
Event: 41.479 GC heap before
{Heap before GC invocations=2 (full 0):
 PSYoungGen      total 38400K, used 38375K [0x0000000795580000, 0x0000000798000000, 0x00000007c0000000)
  eden space 33280K, 100% used [0x0000000795580000,0x0000000797600000,0x0000000797600000)
  from space 5120K, 99% used [0x0000000797600000,0x0000000797af9e90,0x0000000797b00000)
  to   space 5120K, 0% used [0x0000000797b00000,0x0000000797b00000,0x0000000798000000)
 ParOldGen       total 87552K, used 3365K [0x0000000740000000, 0x0000000745580000, 0x0000000795580000)
  object space 87552K, 3% used [0x0000000740000000,0x0000000740349500,0x0000000745580000)
 Metaspace       used 9386K, capacity 9509K, committed 9728K, reserved 1058816K
  class space    used 915K, capacity 985K, committed 1024K, reserved 1048576K
Event: 41.495 GC heap after
Heap after GC invocations=2 (full 0):
 PSYoungGen      total 38400K, used 5110K [0x0000000795580000, 0x0000000798000000, 0x00000007c0000000)
  eden space 33280K, 0% used [0x0000000795580000,0x0000000795580000,0x0000000797600000)
  from space 5120K, 99% used [0x0000000797b00000,0x0000000797ffd990,0x0000000798000000)
  to   space 5120K, 0% used [0x0000000797600000,0x0000000797600000,0x0000000797b00000)
 ParOldGen       total 87552K, used 15682K [0x0000000740000000, 0x0000000745580000, 0x0000000795580000)
  object space 87552K, 17% used [0x0000000740000000,0x0000000740f509d0,0x0000000745580000)
 Metaspace       used 9386K, capacity 9509K, committed 9728K, reserved 1058816K
  class space    used 915K, capacity 985K, committed 1024K, reserved 1048576K
}

Deoptimization events (8 events):
Event: 1.888 Thread 0x00007f8508172000 Uncommon trap: reason=unstable_if action=reinterpret pc=0x000000010320f924 method=java.lang.String.replace(CC)Ljava/lang/String; @ 26
Event: 52.063 Thread 0x00007f8508172000 Uncommon trap: reason=array_check action=maybe_recompile pc=0x000000010349ca74 method=com.badlogic.gdx.utils.Array.add(Ljava/lang/Object;)V @ 46
Event: 52.113 Thread 0x00007f8508172000 Uncommon trap: reason=array_check action=maybe_recompile pc=0x000000010349ca74 method=com.badlogic.gdx.utils.Array.add(Ljava/lang/Object;)V @ 46
Event: 52.115 Thread 0x00007f8508172000 Uncommon trap: reason=array_check action=maybe_recompile pc=0x000000010349ca74 method=com.badlogic.gdx.utils.Array.add(Ljava/lang/Object;)V @ 46
Event: 52.117 Thread 0x00007f8508172000 Uncommon trap: reason=array_check action=maybe_recompile pc=0x000000010349ca74 method=com.badlogic.gdx.utils.Array.add(Ljava/lang/Object;)V @ 46
Event: 58.264 Thread 0x00007f8508172000 Uncommon trap: reason=null_check action=make_not_entrant pc=0x00000001034b6afc method=com.badlogic.gdx.utils.ObjectIntMap.put(Ljava/lang/Object;I)V @ 43
Event: 59.697 Thread 0x00007f8508172000 Uncommon trap: reason=null_check action=make_not_entrant pc=0x00000001034b9bac method=com.badlogic.gdx.utils.ObjectIntMap.put(Ljava/lang/Object;I)V @ 75
Event: 61.063 Thread 0x00007f8508172000 Uncommon trap: reason=null_check action=make_not_entrant pc=0x00000001034bccac method=com.badlogic.gdx.utils.ObjectIntMap.put(Ljava/lang/Object;I)V @ 107

Classes redefined (0 events):
No events

Internal exceptions (10 events):
Event: 1.076 Thread 0x00007f8507006000 Exception <a 'java/io/FileNotFoundException'> (0x0000000795dbb058) thrown at [/Users/java_re/workspace/8-2-build-macosx-x86_64/jdk8u192/11897/hotspot/src/share/vm/prims/jni.cpp, line 709]
Event: 1.099 Thread 0x00007f8507006000 Exception <a 'java/security/PrivilegedActionException'> (0x0000000795f5bd80) thrown at [/Users/java_re/workspace/8-2-build-macosx-x86_64/jdk8u192/11897/hotspot/src/share/vm/prims/jvm.cpp, line 1435]
Event: 1.099 Thread 0x00007f8507006000 Exception <a 'java/security/PrivilegedActionException'> (0x0000000795f5d968) thrown at [/Users/java_re/workspace/8-2-build-macosx-x86_64/jdk8u192/11897/hotspot/src/share/vm/prims/jvm.cpp, line 1435]
Event: 1.099 Thread 0x00007f8507006000 Exception <a 'java/security/PrivilegedActionException'> (0x0000000795f5ea88) thrown at [/Users/java_re/workspace/8-2-build-macosx-x86_64/jdk8u192/11897/hotspot/src/share/vm/prims/jvm.cpp, line 1435]
Event: 1.099 Thread 0x00007f8507006000 Exception <a 'java/security/PrivilegedActionException'> (0x0000000795f63f80) thrown at [/Users/java_re/workspace/8-2-build-macosx-x86_64/jdk8u192/11897/hotspot/src/share/vm/prims/jvm.cpp, line 1435]
Event: 1.099 Thread 0x00007f8507006000 Exception <a 'java/security/PrivilegedActionException'> (0x0000000795f64bd8) thrown at [/Users/java_re/workspace/8-2-build-macosx-x86_64/jdk8u192/11897/hotspot/src/share/vm/prims/jvm.cpp, line 1435]
Event: 1.099 Thread 0x00007f8507006000 Exception <a 'java/security/PrivilegedActionException'> (0x0000000795f65800) thrown at [/Users/java_re/workspace/8-2-build-macosx-x86_64/jdk8u192/11897/hotspot/src/share/vm/prims/jvm.cpp, line 1435]
Event: 58.264 Thread 0x00007f8508172000 Implicit null exception at 0x00000001034b64c1 to 0x00000001034b6ad5
Event: 59.697 Thread 0x00007f8508172000 Implicit null exception at 0x00000001034b961c to 0x00000001034b9b79
Event: 61.063 Thread 0x00007f8508172000 Implicit null exception at 0x00000001034bc824 to 0x00000001034bcc71

Events (10 events):
Event: 59.697 Thread 0x00007f8508172000 Uncommon trap: trap_request=0xfffffff4 fr.pc=0x00000001034b9bac
Event: 59.697 Thread 0x00007f8508172000 DEOPT PACKING pc=0x00000001034b9bac sp=0x000070000457d130
Event: 59.697 Thread 0x00007f8508172000 DEOPT UNPACKING pc=0x00000001030a073a sp=0x000070000457d0b8 mode 2
Event: 59.927 Thread 0x00007f850793e800 Thread added: 0x00007f850793e800
Event: 60.932 Executing VM operation: RevokeBias
Event: 60.932 Executing VM operation: RevokeBias done
Event: 60.932 Thread 0x00007f850793e800 Thread exited: 0x00007f850793e800
Event: 61.063 Thread 0x00007f8508172000 Uncommon trap: trap_request=0xfffffff4 fr.pc=0x00000001034bccac
Event: 61.063 Thread 0x00007f8508172000 DEOPT PACKING pc=0x00000001034bccac sp=0x000070000457d180
Event: 61.063 Thread 0x00007f8508172000 DEOPT UNPACKING pc=0x00000001030a073a sp=0x000070000457d108 mode 2


Dynamic libraries:
0x00007fff32f0d000 	/System/Library/Frameworks/Cocoa.framework/Versions/A/Cocoa
0x00007fff3f1ca000 	/System/Library/Frameworks/Security.framework/Versions/A/Security
0x00007fff31b14000 	/System/Library/Frameworks/ApplicationServices.framework/Versions/A/ApplicationServices
0x00007fff607ab000 	/usr/lib/libz.1.dylib
0x00007fff5de21000 	/usr/lib/libSystem.B.dylib
0x00007fff5f8c8000 	/usr/lib/libobjc.A.dylib
0x00007fff33730000 	/System/Library/Frameworks/CoreFoundation.framework/Versions/A/CoreFoundation
0x00007fff35ab5000 	/System/Library/Frameworks/Foundation.framework/Versions/C/Foundation
0x00007fff30ca1000 	/System/Library/Frameworks/AppKit.framework/Versions/C/AppKit
0x00007fff332a4000 	/System/Library/Frameworks/CoreData.framework/Versions/A/CoreData
0x00007fff56ff0000 	/System/Library/PrivateFrameworks/RemoteViewServices.framework/Versions/A/RemoteViewServices
0x00007fff5baef000 	/System/Library/PrivateFrameworks/UIFoundation.framework/Versions/A/UIFoundation
0x00007fff5d2a7000 	/System/Library/PrivateFrameworks/XCTTargetBootstrap.framework/Versions/A/XCTTargetBootstrap
0x00007fff51af5000 	/System/Library/PrivateFrameworks/IconServices.framework/Versions/A/IconServices
0x00007fff3837e000 	/System/Library/Frameworks/Metal.framework/Versions/A/Metal
0x00007fff48cf8000 	/System/Library/PrivateFrameworks/DesktopServicesPriv.framework/Versions/A/DesktopServicesPriv
0x00007fff5ebdc000 	/usr/lib/libenergytrace.dylib
0x00007fff59860000 	/System/Library/PrivateFrameworks/SkyLight.framework/Versions/A/SkyLight
0x00007fff33b7f000 	/System/Library/Frameworks/CoreGraphics.framework/Versions/A/CoreGraphics
0x00007fff2fa5c000 	/System/Library/Frameworks/Accelerate.framework/Versions/A/Accelerate
0x00007fff3623e000 	/System/Library/Frameworks/IOSurface.framework/Versions/A/IOSurface
0x00007fff48b5a000 	/System/Library/PrivateFrameworks/DFRFoundation.framework/Versions/A/DFRFoundation
0x00007fff32019000 	/System/Library/Frameworks/AudioToolbox.framework/Versions/A/AudioToolbox
0x00007fff322b8000 	/System/Library/Frameworks/AudioUnit.framework/Versions/A/AudioUnit
0x00007fff48bf1000 	/System/Library/PrivateFrameworks/DataDetectorsCore.framework/Versions/A/DataDetectorsCore
0x00007fff329f7000 	/System/Library/Frameworks/Carbon.framework/Versions/A/Frameworks/HIToolbox.framework/Versions/A/HIToolbox
0x00007fff5ed37000 	/usr/lib/libicucore.A.dylib
0x00007fff3e71d000 	/System/Library/Frameworks/QuartzCore.framework/Versions/A/QuartzCore
0x00007fff32dde000 	/System/Library/Frameworks/Carbon.framework/Versions/A/Frameworks/SpeechRecognition.framework/Versions/A/SpeechRecognition
0x00007fff5df84000 	/usr/lib/libauto.dylib
0x00007fff6069e000 	/usr/lib/libxml2.2.dylib
0x00007fff48759000 	/System/Library/PrivateFrameworks/CoreUI.framework/Versions/A/CoreUI
0x00007fff33182000 	/System/Library/Frameworks/CoreAudio.framework/Versions/A/CoreAudio
0x00007fff358e7000 	/System/Library/Frameworks/DiskArbitration.framework/Versions/A/DiskArbitration
0x00007fff5efe7000 	/usr/lib/liblangid.dylib
0x00007fff52fa4000 	/System/Library/PrivateFrameworks/MultitouchSupport.framework/Versions/A/MultitouchSupport
0x00007fff361aa000 	/System/Library/Frameworks/IOKit.framework/Versions/A/IOKit
0x00007fff5da6f000 	/usr/lib/libDiagnosticMessagesClient.dylib
0x00007fff349ed000 	/System/Library/Frameworks/CoreServices.framework/Versions/A/CoreServices
0x00007fff54cd9000 	/System/Library/PrivateFrameworks/PerformanceAnalysis.framework/Versions/A/PerformanceAnalysis
0x00007fff3d8b2000 	/System/Library/Frameworks/OpenGL.framework/Versions/A/OpenGL
0x00007fff32f1b000 	/System/Library/Frameworks/ColorSync.framework/Versions/A/ColorSync
0x00007fff3420e000 	/System/Library/Frameworks/CoreImage.framework/Versions/A/CoreImage
0x00007fff35430000 	/System/Library/Frameworks/CoreText.framework/Versions/A/CoreText
0x00007fff3629f000 	/System/Library/Frameworks/ImageIO.framework/Versions/A/ImageIO
0x00007fff44d98000 	/System/Library/PrivateFrameworks/Backup.framework/Versions/A/Backup
0x00007fff5ded7000 	/usr/lib/libarchive.2.dylib
0x00007fff3261c000 	/System/Library/Frameworks/CFNetwork.framework/Versions/A/CFNetwork
0x00007fff3f975000 	/System/Library/Frameworks/SystemConfiguration.framework/Versions/A/SystemConfiguration
0x00007fff5d998000 	/usr/lib/libCRFSuite.dylib
0x00007fff5e07b000 	/usr/lib/libc++.1.dylib
0x00007fff5e0d3000 	/usr/lib/libc++abi.dylib
0x00007fff6082e000 	/usr/lib/system/libcache.dylib
0x00007fff60833000 	/usr/lib/system/libcommonCrypto.dylib
0x00007fff6083e000 	/usr/lib/system/libcompiler_rt.dylib
0x00007fff60846000 	/usr/lib/system/libcopyfile.dylib
0x00007fff60850000 	/usr/lib/system/libcorecrypto.dylib
0x00007fff6095b000 	/usr/lib/system/libdispatch.dylib
0x00007fff60996000 	/usr/lib/system/libdyld.dylib
0x00007fff609c6000 	/usr/lib/system/libkeymgr.dylib
0x00007fff609d4000 	/usr/lib/system/liblaunch.dylib
0x00007fff609d5000 	/usr/lib/system/libmacho.dylib
0x00007fff609db000 	/usr/lib/system/libquarantine.dylib
0x00007fff609de000 	/usr/lib/system/libremovefile.dylib
0x00007fff609e0000 	/usr/lib/system/libsystem_asl.dylib
0x00007fff609f8000 	/usr/lib/system/libsystem_blocks.dylib
0x00007fff609f9000 	/usr/lib/system/libsystem_c.dylib
0x00007fff60a82000 	/usr/lib/system/libsystem_configuration.dylib
0x00007fff60a86000 	/usr/lib/system/libsystem_coreservices.dylib
0x00007fff60a8a000 	/usr/lib/system/libsystem_darwin.dylib
0x00007fff60a91000 	/usr/lib/system/libsystem_dnssd.dylib
0x00007fff60a98000 	/usr/lib/system/libsystem_info.dylib
0x00007fff60b0e000 	/usr/lib/system/libsystem_m.dylib
0x00007fff60b5a000 	/usr/lib/system/libsystem_malloc.dylib
0x00007fff60b7f000 	/usr/lib/system/libsystem_networkextension.dylib
0x00007fff60b8b000 	/usr/lib/system/libsystem_notify.dylib
0x00007fff60ba8000 	/usr/lib/system/libsystem_sandbox.dylib
0x00007fff60bac000 	/usr/lib/system/libsystem_secinit.dylib
0x00007fff60ae5000 	/usr/lib/system/libsystem_kernel.dylib
0x00007fff60b93000 	/usr/lib/system/libsystem_platform.dylib
0x00007fff60b9d000 	/usr/lib/system/libsystem_pthread.dylib
0x00007fff60baf000 	/usr/lib/system/libsystem_symptoms.dylib
0x00007fff60bb7000 	/usr/lib/system/libsystem_trace.dylib
0x00007fff60bce000 	/usr/lib/system/libunwind.dylib
0x00007fff60bd4000 	/usr/lib/system/libxpc.dylib
0x00007fff5e05b000 	/usr/lib/libbsm.0.dylib
0x00007fff609c7000 	/usr/lib/system/libkxld.dylib
0x00007fff44045000 	/System/Library/PrivateFrameworks/AppleFSCompression.framework/Versions/A/AppleFSCompression
0x00007fff5dce0000 	/usr/lib/libOpenScriptingUtil.dylib
0x00007fff5e3be000 	/usr/lib/libcoretls.dylib
0x00007fff5e3d5000 	/usr/lib/libcoretls_cfhelpers.dylib
0x00007fff60061000 	/usr/lib/libpam.2.dylib
0x00007fff60224000 	/usr/lib/libsqlite3.dylib
0x00007fff6068c000 	/usr/lib/libxar.1.dylib
0x00007fff5e06c000 	/usr/lib/libbz2.1.0.dylib
0x00007fff5efe9000 	/usr/lib/liblzma.5.dylib
0x00007fff5f4df000 	/usr/lib/libnetwork.dylib
0x00007fff5dec0000 	/usr/lib/libapple_nghttp2.dylib
0x00007fff60068000 	/usr/lib/libpcap.A.dylib
0x00007fff34d91000 	/System/Library/Frameworks/CoreServices.framework/Versions/A/Frameworks/FSEvents.framework/Versions/A/FSEvents
0x00007fff34a6d000 	/System/Library/Frameworks/CoreServices.framework/Versions/A/Frameworks/CarbonCore.framework/Versions/A/CarbonCore
0x00007fff34f66000 	/System/Library/Frameworks/CoreServices.framework/Versions/A/Frameworks/Metadata.framework/Versions/A/Metadata
0x00007fff35009000 	/System/Library/Frameworks/CoreServices.framework/Versions/A/Frameworks/OSServices.framework/Versions/A/OSServices
0x00007fff35055000 	/System/Library/Frameworks/CoreServices.framework/Versions/A/Frameworks/SearchKit.framework/Versions/A/SearchKit
0x00007fff349ee000 	/System/Library/Frameworks/CoreServices.framework/Versions/A/Frameworks/AE.framework/Versions/A/AE
0x00007fff34d9a000 	/System/Library/Frameworks/CoreServices.framework/Versions/A/Frameworks/LaunchServices.framework/Versions/A/LaunchServices
0x00007fff34d46000 	/System/Library/Frameworks/CoreServices.framework/Versions/A/Frameworks/DictionaryServices.framework/Versions/A/DictionaryServices
0x00007fff350c4000 	/System/Library/Frameworks/CoreServices.framework/Versions/A/Frameworks/SharedFileList.framework/Versions/A/SharedFileList
0x00007fff39843000 	/System/Library/Frameworks/NetFS.framework/Versions/A/NetFS
0x00007fff53241000 	/System/Library/PrivateFrameworks/NetAuth.framework/Versions/A/NetAuth
0x00007fff5d6db000 	/System/Library/PrivateFrameworks/login.framework/Versions/A/Frameworks/loginsupport.framework/Versions/A/loginsupport
0x00007fff5b6e7000 	/System/Library/PrivateFrameworks/TCC.framework/Versions/A/TCC
0x00007fff47d63000 	/System/Library/PrivateFrameworks/CoreNLP.framework/Versions/A/CoreNLP
0x00007fff52c95000 	/System/Library/PrivateFrameworks/MetadataUtilities.framework/Versions/A/MetadataUtilities
0x00007fff5f0ca000 	/usr/lib/libmecabra.dylib
0x00007fff31b15000 	/System/Library/Frameworks/ApplicationServices.framework/Versions/A/Frameworks/ATS.framework/Versions/A/ATS
0x00007fff31e80000 	/System/Library/Frameworks/ApplicationServices.framework/Versions/A/Frameworks/ColorSyncLegacy.framework/Versions/A/ColorSyncLegacy
0x00007fff31f21000 	/System/Library/Frameworks/ApplicationServices.framework/Versions/A/Frameworks/HIServices.framework/Versions/A/HIServices
0x00007fff31f74000 	/System/Library/Frameworks/ApplicationServices.framework/Versions/A/Frameworks/LangAnalysis.framework/Versions/A/LangAnalysis
0x00007fff31f83000 	/System/Library/Frameworks/ApplicationServices.framework/Versions/A/Frameworks/PrintCore.framework/Versions/A/PrintCore
0x00007fff31fd0000 	/System/Library/Frameworks/ApplicationServices.framework/Versions/A/Frameworks/QD.framework/Versions/A/QD
0x00007fff3200c000 	/System/Library/Frameworks/ApplicationServices.framework/Versions/A/Frameworks/SpeechSynthesis.framework/Versions/A/SpeechSynthesis
0x00007fff5e0fb000 	/usr/lib/libcompression.dylib
0x00007fff33646000 	/System/Library/Frameworks/CoreDisplay.framework/Versions/A/CoreDisplay
0x00007fff38646000 	/System/Library/Frameworks/MetalPerformanceShaders.framework/Versions/A/MetalPerformanceShaders
0x00007fff2fa74000 	/System/Library/Frameworks/Accelerate.framework/Versions/A/Frameworks/vImage.framework/Versions/A/vImage
0x00007fff30af0000 	/System/Library/Frameworks/Accelerate.framework/Versions/A/Frameworks/vecLib.framework/Versions/A/vecLib
0x00007fff30a3a000 	/System/Library/Frameworks/Accelerate.framework/Versions/A/Frameworks/vecLib.framework/Versions/A/libvMisc.dylib
0x00007fff30855000 	/System/Library/Frameworks/Accelerate.framework/Versions/A/Frameworks/vecLib.framework/Versions/A/libvDSP.dylib
0x00007fff30115000 	/System/Library/Frameworks/Accelerate.framework/Versions/A/Frameworks/vecLib.framework/Versions/A/libBLAS.dylib
0x00007fff30400000 	/System/Library/Frameworks/Accelerate.framework/Versions/A/Frameworks/vecLib.framework/Versions/A/libLAPACK.dylib
0x00007fff307a7000 	/System/Library/Frameworks/Accelerate.framework/Versions/A/Frameworks/vecLib.framework/Versions/A/libLinearAlgebra.dylib
0x00007fff30841000 	/System/Library/Frameworks/Accelerate.framework/Versions/A/Frameworks/vecLib.framework/Versions/A/libSparseBLAS.dylib
0x00007fff307bd000 	/System/Library/Frameworks/Accelerate.framework/Versions/A/Frameworks/vecLib.framework/Versions/A/libQuadrature.dylib
0x00007fff3038d000 	/System/Library/Frameworks/Accelerate.framework/Versions/A/Frameworks/vecLib.framework/Versions/A/libBNNS.dylib
0x00007fff307c3000 	/System/Library/Frameworks/Accelerate.framework/Versions/A/Frameworks/vecLib.framework/Versions/A/libSparse.dylib
0x00007fff4f288000 	/System/Library/PrivateFrameworks/GPUWrangler.framework/Versions/A/GPUWrangler
0x00007fff516bc000 	/System/Library/PrivateFrameworks/IOAccelerator.framework/Versions/A/IOAccelerator
0x00007fff516c7000 	/System/Library/PrivateFrameworks/IOPresentment.framework/Versions/A/IOPresentment
0x00007fff48b6a000 	/System/Library/PrivateFrameworks/DSExternalDisplay.framework/Versions/A/DSExternalDisplay
0x00007fff3ccf7000 	/System/Library/Frameworks/OpenGL.framework/Versions/A/Libraries/libCoreFSCache.dylib
0x00007fff3842e000 	/System/Library/Frameworks/MetalPerformanceShaders.framework/Frameworks/MPSCore.framework/Versions/A/MPSCore
0x00007fff3844f000 	/System/Library/Frameworks/MetalPerformanceShaders.framework/Frameworks/MPSImage.framework/Versions/A/MPSImage
0x00007fff384f7000 	/System/Library/Frameworks/MetalPerformanceShaders.framework/Frameworks/MPSNeuralNetwork.framework/Versions/A/MPSNeuralNetwork
0x00007fff384ce000 	/System/Library/Frameworks/MetalPerformanceShaders.framework/Frameworks/MPSMatrix.framework/Versions/A/MPSMatrix
0x00007fff3862a000 	/System/Library/Frameworks/MetalPerformanceShaders.framework/Frameworks/MPSRayIntersector.framework/Versions/A/MPSRayIntersector
0x00007fff52cbe000 	/System/Library/PrivateFrameworks/MetalTools.framework/Versions/A/MetalTools
0x00007fff4373f000 	/System/Library/PrivateFrameworks/AggregateDictionary.framework/Versions/A/AggregateDictionary
0x00007fff5dcc0000 	/usr/lib/libMobileGestalt.dylib
0x00007fff35596000 	/System/Library/Frameworks/CoreVideo.framework/Versions/A/CoreVideo
0x00007fff500f7000 	/System/Library/PrivateFrameworks/GraphVisualizer.framework/Versions/A/GraphVisualizer
0x00007fff49e93000 	/System/Library/PrivateFrameworks/FaceCore.framework/Versions/A/FaceCore
0x00007fff3c30f000 	/System/Library/Frameworks/OpenCL.framework/Versions/A/OpenCL
0x00007fff5daa7000 	/usr/lib/libFosl_dynamic.dylib
0x00007fff53b18000 	/System/Library/PrivateFrameworks/OTSVG.framework/Versions/A/OTSVG
0x00007fff31c19000 	/System/Library/Frameworks/ApplicationServices.framework/Versions/A/Frameworks/ATS.framework/Versions/A/Resources/libFontParser.dylib
0x00007fff31d39000 	/System/Library/Frameworks/ApplicationServices.framework/Versions/A/Frameworks/ATS.framework/Versions/A/Resources/libFontRegistry.dylib
0x00007fff36529000 	/System/Library/Frameworks/ImageIO.framework/Versions/A/Resources/libJPEG.dylib
0x00007fff3684b000 	/System/Library/Frameworks/ImageIO.framework/Versions/A/Resources/libTIFF.dylib
0x00007fff36821000 	/System/Library/Frameworks/ImageIO.framework/Versions/A/Resources/libPng.dylib
0x00007fff3643e000 	/System/Library/Frameworks/ImageIO.framework/Versions/A/Resources/libGIF.dylib
0x00007fff36443000 	/System/Library/Frameworks/ImageIO.framework/Versions/A/Resources/libJP2.dylib
0x00007fff36848000 	/System/Library/Frameworks/ImageIO.framework/Versions/A/Resources/libRadiance.dylib
0x00007fff4419e000 	/System/Library/PrivateFrameworks/AppleJPEG.framework/Versions/A/AppleJPEG
0x00007fff3cd02000 	/System/Library/Frameworks/OpenGL.framework/Versions/A/Libraries/libGFXShared.dylib
0x00007fff3cec5000 	/System/Library/Frameworks/OpenGL.framework/Versions/A/Libraries/libGLU.dylib
0x00007fff3cd0b000 	/System/Library/Frameworks/OpenGL.framework/Versions/A/Libraries/libGL.dylib
0x00007fff3cd17000 	/System/Library/Frameworks/OpenGL.framework/Versions/A/Libraries/libGLImage.dylib
0x00007fff3ccf4000 	/System/Library/Frameworks/OpenGL.framework/Versions/A/Libraries/libCVMSPluginSupport.dylib
0x00007fff3ccfd000 	/System/Library/Frameworks/OpenGL.framework/Versions/A/Libraries/libCoreVMClient.dylib
0x00007fff5ea4d000 	/usr/lib/libcups.2.dylib
0x00007fff37943000 	/System/Library/Frameworks/Kerberos.framework/Versions/A/Kerberos
0x00007fff35ef4000 	/System/Library/Frameworks/GSS.framework/Versions/A/GSS
0x00007fff601b8000 	/usr/lib/libresolv.9.dylib
0x00007fff5ec45000 	/usr/lib/libiconv.2.dylib
0x00007fff50257000 	/System/Library/PrivateFrameworks/Heimdal.framework/Versions/A/Heimdal
0x00007fff5ec14000 	/usr/lib/libheimdal-asn1.dylib
0x00007fff3c385000 	/System/Library/Frameworks/OpenDirectory.framework/Versions/A/OpenDirectory
0x00007fff46a60000 	/System/Library/PrivateFrameworks/CommonAuth.framework/Versions/A/CommonAuth
0x00007fff3c368000 	/System/Library/Frameworks/OpenDirectory.framework/Versions/A/Frameworks/CFOpenDirectory.framework/Versions/A/CFOpenDirectory
0x00007fff3f4f3000 	/System/Library/Frameworks/SecurityFoundation.framework/Versions/A/SecurityFoundation
0x00007fff42c50000 	/System/Library/PrivateFrameworks/APFS.framework/Versions/A/APFS
0x00007fff60688000 	/usr/lib/libutil.dylib
0x00007fff5e0e9000 	/usr/lib/libcharset.1.dylib
0x00007fff4443a000 	/System/Library/PrivateFrameworks/AppleSauce.framework/Versions/A/AppleSauce
0x00007fff445c8000 	/System/Library/PrivateFrameworks/AssertionServices.framework/Versions/A/AssertionServices
0x00007fff44e3b000 	/System/Library/PrivateFrameworks/BaseBoard.framework/Versions/A/BaseBoard
0x00007fff5f019000 	/usr/lib/libmecab.1.0.0.dylib
0x00007fff5ec0e000 	/usr/lib/libgermantok.dylib
0x00007fff5deac000 	/usr/lib/libThaiTokenizer.dylib
0x00007fff5d9d3000 	/usr/lib/libChineseTokenizer.dylib
0x00007fff51df2000 	/System/Library/PrivateFrameworks/LanguageModeling.framework/Versions/A/LanguageModeling
0x00007fff47779000 	/System/Library/PrivateFrameworks/CoreEmoji.framework/Versions/A/CoreEmoji
0x00007fff51eea000 	/System/Library/PrivateFrameworks/Lexicon.framework/Versions/A/Lexicon
0x00007fff51f32000 	/System/Library/PrivateFrameworks/LinguisticData.framework/Versions/A/LinguisticData
0x00007fff5e0ea000 	/usr/lib/libcmph.dylib
0x00007fff3f5b4000 	/System/Library/Frameworks/ServiceManagement.framework/Versions/A/ServiceManagement
0x00007fff44d8e000 	/System/Library/PrivateFrameworks/BackgroundTaskManagement.framework/Versions/A/BackgroundTaskManagement
0x00007fff60782000 	/usr/lib/libxslt.1.dylib
0x00007fff32d09000 	/System/Library/Frameworks/Carbon.framework/Versions/A/Frameworks/Ink.framework/Versions/A/Ink
0x00007fff5b967000 	/System/Library/PrivateFrameworks/TextureIO.framework/Versions/A/TextureIO
0x00007fff5df01000 	/usr/lib/libate.dylib
0x00007fff48ac6000 	/System/Library/PrivateFrameworks/CrashReporterSupport.framework/Versions/A/CrashReporterSupport
0x00007fff58988000 	/System/Library/PrivateFrameworks/Sharing.framework/Versions/A/Sharing
0x00007fff4491a000 	/System/Library/PrivateFrameworks/AuthKit.framework/Versions/A/AuthKit
0x00007fff43d3d000 	/System/Library/PrivateFrameworks/Apple80211.framework/Versions/A/Apple80211
0x00007fff48886000 	/System/Library/PrivateFrameworks/CoreUtils.framework/Versions/A/CoreUtils
0x00007fff355d4000 	/System/Library/Frameworks/CoreWLAN.framework/Versions/A/CoreWLAN
0x00007fff3603e000 	/System/Library/Frameworks/IOBluetooth.framework/Versions/A/IOBluetooth
0x00007fff56ca7000 	/System/Library/PrivateFrameworks/ProtocolBuffer.framework/Versions/A/ProtocolBuffer
0x00007fff52efb000 	/System/Library/PrivateFrameworks/MobileKeyBag.framework/Versions/A/MobileKeyBag
0x00007fff4809e000 	/System/Library/PrivateFrameworks/CorePhoneNumbers.framework/Versions/A/CorePhoneNumbers
0x00007fff44152000 	/System/Library/PrivateFrameworks/AppleIDAuthSupport.framework/Versions/A/AppleIDAuthSupport
0x00007fff51dc4000 	/System/Library/PrivateFrameworks/KeychainCircle.framework/Versions/A/KeychainCircle
0x00007fff56e74000 	/System/Library/PrivateFrameworks/ROCKit.framework/Versions/A/ROCKit
0x00007fff48a62000 	/System/Library/PrivateFrameworks/CoreWiFi.framework/Versions/A/CoreWiFi
0x00007fff33278000 	/System/Library/Frameworks/CoreBluetooth.framework/Versions/A/CoreBluetooth
0x00007fff48cb6000 	/System/Library/PrivateFrameworks/DebugSymbols.framework/Versions/A/DebugSymbols
0x00007fff4863b000 	/System/Library/PrivateFrameworks/CoreSymbolication.framework/Versions/A/CoreSymbolication
0x00007fff5b151000 	/System/Library/PrivateFrameworks/Symbolication.framework/Versions/A/Symbolication
0x00007fff5a2e3000 	/System/Library/PrivateFrameworks/SpeechRecognitionCore.framework/Versions/A/SpeechRecognitionCore
0x00000001010c9000 	/Library/Java/JavaVirtualMachines/jdk1.8.0_192.jdk/Contents/Home/jre/lib/server/libjvm.dylib
0x00007fff6054c000 	/usr/lib/libstdc++.6.dylib
0x000000010207f000 	/Library/Java/JavaVirtualMachines/jdk1.8.0_192.jdk/Contents/Home/jre/lib/libverify.dylib
0x000000010208d000 	/Library/Java/JavaVirtualMachines/jdk1.8.0_192.jdk/Contents/Home/jre/lib/libjava.dylib
0x00000001020c4000 	/Library/Java/JavaVirtualMachines/jdk1.8.0_192.jdk/Contents/Home/jre/lib/libinstrument.dylib
0x0000000102162000 	/Library/Java/JavaVirtualMachines/jdk1.8.0_192.jdk/Contents/Home/jre/lib/libzip.dylib
0x0000000118513000 	/Library/Java/JavaVirtualMachines/jdk1.8.0_192.jdk/Contents/Home/jre/lib/libnet.dylib
0x0000000118572000 	/private/var/folders/6s/z_p8j_ss7z15x2xvyml6h1_h0000gn/T/libgdxgiancola/25a8e9fb/libgdx64.dylib
0x00000001185c1000 	/Library/Java/JavaVirtualMachines/jdk1.8.0_192.jdk/Contents/Home/jre/lib/libawt.dylib
0x000000011866a000 	/Library/Java/JavaVirtualMachines/jdk1.8.0_192.jdk/Contents/Home/jre/lib/./libmlib_image.dylib
0x00007fff3792c000 	/System/Library/Frameworks/JavaVM.framework/Versions/A/Frameworks/JavaNativeFoundation.framework/Versions/A/JavaNativeFoundation
0x00007fff37935000 	/System/Library/Frameworks/JavaVM.framework/Versions/A/Frameworks/JavaRuntimeSupport.framework/Versions/A/JavaRuntimeSupport
0x00007fff3793e000 	/System/Library/Frameworks/JavaVM.framework/Versions/A/JavaVM
0x00007fff51cdb000 	/System/Library/PrivateFrameworks/JavaLaunching.framework/Versions/A/JavaLaunching
0x00007fff329f2000 	/System/Library/Frameworks/Carbon.framework/Versions/A/Carbon
0x00007fff329f3000 	/System/Library/Frameworks/Carbon.framework/Versions/A/Frameworks/CommonPanels.framework/Versions/A/CommonPanels
0x00007fff32cff000 	/System/Library/Frameworks/Carbon.framework/Versions/A/Frameworks/Help.framework/Versions/A/Help
0x00007fff32d03000 	/System/Library/Frameworks/Carbon.framework/Versions/A/Frameworks/ImageCapture.framework/Versions/A/ImageCapture
0x00007fff32d9e000 	/System/Library/Frameworks/Carbon.framework/Versions/A/Frameworks/OpenScripting.framework/Versions/A/OpenScripting
0x00007fff32dd9000 	/System/Library/Frameworks/Carbon.framework/Versions/A/Frameworks/Print.framework/Versions/A/Print
0x00007fff32ddb000 	/System/Library/Frameworks/Carbon.framework/Versions/A/Frameworks/SecurityHI.framework/Versions/A/SecurityHI
0x0000000118736000 	/Library/Java/JavaVirtualMachines/jdk1.8.0_192.jdk/Contents/Home/jre/lib/libawt_lwawt.dylib
0x00000001187f0000 	/Library/Java/JavaVirtualMachines/jdk1.8.0_192.jdk/Contents/Home/jre/lib/./libosxapp.dylib
0x00007fff35a8d000 	/System/Library/Frameworks/ExceptionHandling.framework/Versions/A/ExceptionHandling
0x00007fff48235000 	/System/Library/PrivateFrameworks/CoreServicesInternal.framework/Versions/A/CoreServicesInternal
0x00007fff295c7000 	/System/Library/CoreServices/RawCamera.bundle/Contents/MacOS/RawCamera
0x00007fff52d65000 	/System/Library/PrivateFrameworks/MobileAsset.framework/Versions/A/MobileAsset
0x00007fff5a9d5000 	/System/Library/PrivateFrameworks/StreamingZip.framework/Versions/A/StreamingZip
0x00007fff37cde000 	/System/Library/Frameworks/MediaToolbox.framework/Versions/A/MediaToolbox
0x00007fff472ff000 	/System/Library/PrivateFrameworks/CoreAVCHD.framework/Versions/A/CoreAVCHD
0x00007fff37c1a000 	/System/Library/Frameworks/MediaAccessibility.framework/Versions/A/MediaAccessibility
0x00007fff52797000 	/System/Library/PrivateFrameworks/Mangrove.framework/Versions/A/Mangrove
0x00007fff34888000 	/System/Library/Frameworks/CoreMedia.framework/Versions/A/CoreMedia
0x00007fff3fc46000 	/System/Library/Frameworks/VideoToolbox.framework/Versions/A/VideoToolbox
0x00007fff46f27000 	/System/Library/PrivateFrameworks/CoreAUC.framework/Versions/A/CoreAUC
0x00007fff60222000 	/usr/lib/libspindump.dylib
0x00007fff4452d000 	/System/Library/PrivateFrameworks/AppleVA.framework/Versions/A/AppleVA
0x00007fff2fa5d000 	/System/Library/Frameworks/Accelerate.framework/Versions/A/Frameworks/vImage.framework/Versions/A/Libraries/libCGInterfaces.dylib
0x00007fff31de3000 	/System/Library/Frameworks/ApplicationServices.framework/Versions/A/Frameworks/ATS.framework/Versions/A/Resources/libTrueTypeScaler.dylib
0x00007fff2b19d000 	/System/Library/Extensions/AppleIntelBDWGraphicsMTLDriver.bundle/Contents/MacOS/AppleIntelBDWGraphicsMTLDriver
0x00007fff4dbdd000 	/System/Library/PrivateFrameworks/GPUCompiler.framework/Versions/3902/Libraries/libmetal_timestamp.dylib
0x00007fff4a2c5000 	/System/Library/PrivateFrameworks/FamilyControls.framework/Versions/A/FamilyControls
0x00007fff46a53000 	/System/Library/PrivateFrameworks/CommerceKit.framework/Versions/A/Frameworks/CommerceCore.framework/Versions/A/CommerceCore
0x00007fff5b43a000 	/System/Library/PrivateFrameworks/SystemAdministration.framework/Versions/A/SystemAdministration
0x00007fff43c37000 	/System/Library/PrivateFrameworks/AppContainer.framework/Versions/A/AppContainer
0x00007fff43c54000 	/System/Library/PrivateFrameworks/AppSandbox.framework/Versions/A/AppSandbox
0x00007fff58820000 	/System/Library/PrivateFrameworks/SecCodeWrapper.framework/Versions/A/SecCodeWrapper
0x00007fff601d2000 	/usr/lib/libsandbox.1.dylib
0x00007fff5dc8b000 	/usr/lib/libMatch.1.dylib
0x00007fff49056000 	/System/Library/PrivateFrameworks/DiskManagement.framework/Versions/A/DiskManagement
0x00007fff357fa000 	/System/Library/Frameworks/DirectoryService.framework/Versions/A/DirectoryService
0x00007fff48f83000 	/System/Library/PrivateFrameworks/DiskImages.framework/Versions/A/DiskImages
0x00007fff52031000 	/System/Library/PrivateFrameworks/LoginUIKit.framework/Versions/A/Frameworks/LoginUICore.framework/Versions/A/LoginUICore
0x00007fff5d9df000 	/usr/lib/libCoreStorage.dylib
0x00007fff5ea39000 	/usr/lib/libcsfde.dylib
0x00007fff6004f000 	/usr/lib/libodfde.dylib
0x00007fff528b8000 	/System/Library/PrivateFrameworks/MediaKit.framework/Versions/A/MediaKit
0x00007fff35806000 	/System/Library/Frameworks/DiscRecording.framework/Versions/A/DiscRecording
0x00007fff491c3000 	/System/Library/PrivateFrameworks/EFILogin.framework/Versions/A/EFILogin
0x00007fff56c4f000 	/System/Library/PrivateFrameworks/ProtectedCloudStorage.framework/Versions/A/ProtectedCloudStorage
0x00007fff5eace000 	/usr/lib/libcurl.4.dylib
0x00007fff5e8a0000 	/usr/lib/libcrypto.42.dylib
0x00007fff604fe000 	/usr/lib/libssl.44.dylib
0x00007fff3795d000 	/System/Library/Frameworks/LDAP.framework/Versions/A/LDAP
0x00007fff5bae8000 	/System/Library/PrivateFrameworks/TrustEvaluationAgent.framework/Versions/A/TrustEvaluationAgent
0x00007fff6020f000 	/usr/lib/libsasl2.2.dylib
0x00007fff4755e000 	/System/Library/PrivateFrameworks/CoreDaemon.framework/Versions/B/CoreDaemon
0x00007fff44435000 	/System/Library/PrivateFrameworks/AppleSRP.framework/Versions/A/AppleSRP
0x00007fff5c998000 	/System/Library/PrivateFrameworks/ViewBridge.framework/Versions/A/ViewBridge
0x000000011cf90000 	/Library/Java/JavaVirtualMachines/jdk1.8.0_192.jdk/Contents/Home/jre/lib/libfontmanager.dylib
0x000000011cff7000 	/private/var/folders/6s/z_p8j_ss7z15x2xvyml6h1_h0000gn/T/libgdxgiancola/f7649394/liblwjgl.dylib
0x000000011b8d1000 	/Library/Java/JavaVirtualMachines/jdk1.8.0_192.jdk/Contents/Home/jre/lib/libjawt.dylib
0x000000011d079000 	/var/folders/6s/z_p8j_ss7z15x2xvyml6h1_h0000gn/T/libgdxgiancola/f7649394/openal.dylib
0x000000011d104000 	/System/Library/Components/CoreAudio.component/Contents/MacOS/CoreAudio
0x000000011d348000 	/System/Library/Extensions/AppleHDA.kext/Contents/PlugIns/AppleHDAHALPlugIn.bundle/Contents/MacOS/AppleHDAHALPlugIn
0x00007fff3d8c2000 	/System/Library/Frameworks/OpenGL.framework/Versions/A/Resources/GLEngine.bundle/GLEngine
0x00007fff3cd52000 	/System/Library/Frameworks/OpenGL.framework/Versions/A/Libraries/libGLProgrammability.dylib
0x00007fff2ac77000 	/System/Library/Extensions/AppleIntelBDWGraphicsGLDriver.bundle/Contents/MacOS/AppleIntelBDWGraphicsGLDriver
0x00007fff4f27c000 	/System/Library/PrivateFrameworks/GPUSupport.framework/Versions/A/Libraries/libGPUSupportMercury.dylib
0x00007fff3da59000 	/System/Library/Frameworks/OpenGL.framework/Versions/A/Resources/GLRendererFloat.bundle/GLRendererFloat
0x00007fff3c306000 	/System/Library/Frameworks/OpenCL.framework/Versions/A/Libraries/libcldcpuengine.dylib
0x00007fff5e575000 	/usr/lib/libcrypto.35.dylib
0x000000011e861000 	/private/var/folders/6s/z_p8j_ss7z15x2xvyml6h1_h0000gn/T/libgdxgiancola/816b5a05/libgdx-box2d64.dylib

VM Arguments:
jvm_args: -javaagent:/Applications/IntelliJ IDEA CE.app/Contents/lib/idea_rt.jar=59225:/Applications/IntelliJ IDEA CE.app/Contents/bin -Dfile.encoding=UTF-8 
java_command: com.lucasgiancola.desktop.DesktopLauncher
java_class_path (initial): /Library/Java/JavaVirtualMachines/jdk1.8.0_192.jdk/Contents/Home/jre/lib/charsets.jar:/Library/Java/JavaVirtualMachines/jdk1.8.0_192.jdk/Contents/Home/jre/lib/deploy.jar:/Library/Java/JavaVirtualMachines/jdk1.8.0_192.jdk/Contents/Home/jre/lib/ext/cldrdata.jar:/Library/Java/JavaVirtualMachines/jdk1.8.0_192.jdk/Contents/Home/jre/lib/ext/dnsns.jar:/Library/Java/JavaVirtualMachines/jdk1.8.0_192.jdk/Contents/Home/jre/lib/ext/jaccess.jar:/Library/Java/JavaVirtualMachines/jdk1.8.0_192.jdk/Contents/Home/jre/lib/ext/jfxrt.jar:/Library/Java/JavaVirtualMachines/jdk1.8.0_192.jdk/Contents/Home/jre/lib/ext/localedata.jar:/Library/Java/JavaVirtualMachines/jdk1.8.0_192.jdk/Contents/Home/jre/lib/ext/nashorn.jar:/Library/Java/JavaVirtualMachines/jdk1.8.0_192.jdk/Contents/Home/jre/lib/ext/sunec.jar:/Library/Java/JavaVirtualMachines/jdk1.8.0_192.jdk/Contents/Home/jre/lib/ext/sunjce_provider.jar:/Library/Java/JavaVirtualMachines/jdk1.8.0_192.jdk/Contents/Home/jre/lib/ext/sunpkcs11.jar:/Library/Java/JavaVirtualMachines/jdk1.8.0_192.jdk/Contents/Home/jre/lib/ext/zipfs.jar:/Library/Java/JavaVirtualMachines/jdk1.8.0_192.jdk/Contents/Home/jre/lib/javaws.jar:/Library/Java/JavaVirtualMachines/jdk1.8.0_192.jdk/Contents/Home/jre/lib/jce.jar:/Library/Java/JavaVirtualMachines/jdk1.8.0_192.jdk/Contents/Home/jre/lib/jfr.jar:/Library/Java/JavaVirtualMachines/jdk1.8.0_192.jdk/Contents/Home/jre/lib/jfxswt.jar:/Library/Java/JavaVirtualMachines/jdk1.8.0_192.jdk/Contents/Home/jre/lib/jsse.jar:/Library/Java/JavaVirtualMachines/jdk1.8.0_192.jdk/Contents/Home/jre/lib/management-agent.jar:/Library/Java/JavaVirtualMachines/jdk1.8.0_192.jdk/Contents/Home/jre/lib/plugin.jar:/Library/Java/JavaVirtualMachines/jdk1.8.0_192.jdk/Contents/Home/jre/lib/resources.jar:/Library/Java/JavaVirtualMachines/jdk1.8.0_192.jdk/Contents/Home/jre/lib/rt.jar:/Library/Java/JavaVirtualMachines/jdk1.8.0_192.jdk/Contents/Home/lib/ant-javafx.jar:/Library/Java/JavaVirtualMachines/jdk1.8.0_192.jdk/Contents/Home
Launcher Type: SUN_STANDARD

Environment Variables:
PATH=/usr/local/bin:/usr/bin:/bin:/usr/sbin:/sbin:/usr/local/go/bin:/Library/Frameworks/Mono.framework/Versions/Current/Commands
SHELL=/bin/zsh

Signal Handlers:
SIGSEGV: [libjvm.dylib+0x5b67a9], sa_mask[0]=11111111011111110111111111111111, sa_flags=SA_ONSTACK|SA_RESTART|SA_SIGINFO
SIGBUS: [libjvm.dylib+0x5b67a9], sa_mask[0]=11111111011111110111111111111111, sa_flags=SA_RESTART|SA_SIGINFO
SIGFPE: [libjvm.dylib+0x48bf5c], sa_mask[0]=11111111011111110111111111111111, sa_flags=SA_RESTART|SA_SIGINFO
SIGPIPE: [libjvm.dylib+0x48bf5c], sa_mask[0]=11111111011111110111111111111111, sa_flags=SA_RESTART|SA_SIGINFO
SIGXFSZ: [libjvm.dylib+0x48bf5c], sa_mask[0]=11111111011111110111111111111111, sa_flags=SA_RESTART|SA_SIGINFO
SIGILL: [libjvm.dylib+0x48bf5c], sa_mask[0]=11111111011111110111111111111111, sa_flags=SA_RESTART|SA_SIGINFO
SIGUSR1: SIG_DFL, sa_mask[0]=00000000000000000000000000000000, sa_flags=none
SIGUSR2: [libjvm.dylib+0x48ba7a], sa_mask[0]=00100000000000000000000000000000, sa_flags=SA_RESTART|SA_SIGINFO
SIGHUP: [libjvm.dylib+0x48a005], sa_mask[0]=11111111011111110111111111111111, sa_flags=SA_RESTART|SA_SIGINFO
SIGINT: [libjvm.dylib+0x48a005], sa_mask[0]=11111111011111110111111111111111, sa_flags=SA_RESTART|SA_SIGINFO
SIGTERM: [libjvm.dylib+0x48a005], sa_mask[0]=11111111011111110111111111111111, sa_flags=SA_RESTART|SA_SIGINFO
SIGQUIT: [libjvm.dylib+0x48a005], sa_mask[0]=11111111011111110111111111111111, sa_flags=SA_RESTART|SA_SIGINFO


---------------  S Y S T E M  ---------------

OS:Bsduname:Darwin 18.2.0 Darwin Kernel Version 18.2.0: Mon Nov 12 20:24:46 PST 2018; root:xnu-4903.231.4~2/RELEASE_X86_64 x86_64
rlimit: STACK 8192k, CORE 0k, NPROC 709, NOFILE 10240, AS infinity
load average:1.99 2.42 2.71

CPU:total 4 (initial active 4) (2 cores per cpu, 2 threads per core) family 6 model 61 stepping 4, cmov, cx8, fxsr, mmx, sse, sse2, sse3, ssse3, sse4.1, sse4.2, popcnt, avx, avx2, aes, clmul, erms, rtm, 3dnowpref, lzcnt, ht, tsc, tscinvbit, bmi1, bmi2, adx

Memory: 4k page, physical 8388608k(208260k free)

/proc/meminfo:


vm_info: Java HotSpot(TM) 64-Bit Server VM (25.192-b12) for bsd-amd64 JRE (1.8.0_192-b12), built on Oct  6 2018 09:36:52 by "java_re" with gcc 4.2.1 (Based on Apple Inc. build 5658) (LLVM build 2336.11.00)

time: Wed Jan  2 16:59:30 2019
timezone: EST
elapsed time: 62 seconds (0d 0h 1m 2s)

